<component name="libraryTable">
  <library name="junit-dep-4.4">
    <CLASSES>
      <root url="jar://$USER_HOME$/.gradle/caches/artifacts-14/filestore/junit/junit-dep/4.4/jar/a7580ffb722a7fa34e3748e7139bc1db9312542c/junit-dep-4.4.jar!/" />
      <root url="jar://$USER_HOME$/.gradle/caches/artifacts-23/filestore/junit/junit-dep/4.4/jar/a7580ffb722a7fa34e3748e7139bc1db9312542c/junit-dep-4.4.jar!/" />
    </CLASSES>
    <JAVADOC />
    <SOURCES />
  </library>
</component>