<component name="libraryTable">
  <library name="junit-4.5">
    <CLASSES>
      <root url="jar://$USER_HOME$/.gradle/caches/artifacts-14/filestore/junit/junit/4.5/jar/7059d3d3bedc1fca9b33cde8503095b3576a0bba/junit-4.5.jar!/" />
      <root url="jar://$USER_HOME$/.gradle/caches/artifacts-23/filestore/junit/junit/4.5/jar/7059d3d3bedc1fca9b33cde8503095b3576a0bba/junit-4.5.jar!/" />
    </CLASSES>
    <JAVADOC />
    <SOURCES>
      <root url="jar://$USER_HOME$/.gradle/caches/artifacts-14/filestore/junit/junit/4.5/source/72176579bfb4b1dc795cd2bd2d6943b8285729d8/junit-4.5-sources.jar!/" />
      <root url="jar://$USER_HOME$/.gradle/caches/artifacts-23/filestore/junit/junit/4.5/source/72176579bfb4b1dc795cd2bd2d6943b8285729d8/junit-4.5-sources.jar!/" />
    </SOURCES>
  </library>
</component>